<?xml version="1.0" encoding="UTF-8"?>
<testng-results skipped="0" failed="1" ignored="0" total="2" passed="1">
  <reporter-output>
  </reporter-output>
  <suite name="Suite" duration-ms="5741" started-at="2022-09-15T11:06:59Z" finished-at="2022-09-15T11:07:05Z">
    <groups>
    </groups>
    <test name="Test_chrome" duration-ms="2858" started-at="2022-09-15T11:06:59Z" finished-at="2022-09-15T11:07:02Z">
      <class name="qsp.Parallel1">
        <test-method status="FAIL" signature="exec1(java.lang.String)[pri:0, instance:qsp.Parallel1@4a87761d]" name="exec1" duration-ms="2797" started-at="2022-09-15T11:06:59Z" finished-at="2022-09-15T11:07:02Z">
          <params>
            <param index="0">
              <value>
                <![CDATA[chrome]]>
              </value>
            </param>
          </params>
          <exception class="org.openqa.selenium.SessionNotCreatedException">
            <message>
              <![CDATA[session not created: This version of ChromeDriver only supports Chrome version 103
Current browser version is 105.0.5195.102 with binary path C:\Program Files\Google\Chrome\Application\chrome.exe
Build info: version: '3.141.59', revision: 'e82be7d358', time: '2018-11-14T08:25:53'
System info: host: 'DESKTOP-MEVPJKC', ip: '169.254.217.217', os.name: 'Windows 10', os.arch: 'amd64', os.version: '10.0', java.version: '1.8.0_202'
Driver info: driver.version: ChromeDriver
remote stacktrace: Backtrace:
Ordinal0 [0x00A16463+2188387]
Ordinal0 [0x009AE461+1762401]
Ordinal0 [0x008C3D78+802168]
Ordinal0 [0x008E4E59+937561]
Ordinal0 [0x008E0A6C+920172]
Ordinal0 [0x008DE331+910129]
Ordinal0 [0x00911430+1119280]
Ordinal0 [0x0091108A+1118346]
Ordinal0 [0x0090C5F6+1099254]
Ordinal0 [0x008E6BE0+945120]
Ordinal0 [0x008E7AD6+948950]
GetHandleVerifier [0x00CB71F2+2712546]
GetHandleVerifier [0x00CA886D+2652765]
GetHandleVerifier [0x00AA002A+520730]
GetHandleVerifier [0x00A9EE06+516086]
Ordinal0 [0x009B468B+1787531]
Ordinal0 [0x009B8E88+1805960]
Ordinal0 [0x009B8F75+1806197]
Ordinal0 [0x009C1DF1+1842673]
BaseThreadInitThunk [0x75F4FA29+25]
RtlGetAppContainerNamedObjectPath [0x77327A9E+286]
RtlGetAppContainerNamedObjectPath [0x77327A6E+238]
]]>
            </message>
            <full-stacktrace>
              <![CDATA[org.openqa.selenium.SessionNotCreatedException: session not created: This version of ChromeDriver only supports Chrome version 103
Current browser version is 105.0.5195.102 with binary path C:\Program Files\Google\Chrome\Application\chrome.exe
Build info: version: '3.141.59', revision: 'e82be7d358', time: '2018-11-14T08:25:53'
System info: host: 'DESKTOP-MEVPJKC', ip: '169.254.217.217', os.name: 'Windows 10', os.arch: 'amd64', os.version: '10.0', java.version: '1.8.0_202'
Driver info: driver.version: ChromeDriver
remote stacktrace: Backtrace:
Ordinal0 [0x00A16463+2188387]
Ordinal0 [0x009AE461+1762401]
Ordinal0 [0x008C3D78+802168]
Ordinal0 [0x008E4E59+937561]
Ordinal0 [0x008E0A6C+920172]
Ordinal0 [0x008DE331+910129]
Ordinal0 [0x00911430+1119280]
Ordinal0 [0x0091108A+1118346]
Ordinal0 [0x0090C5F6+1099254]
Ordinal0 [0x008E6BE0+945120]
Ordinal0 [0x008E7AD6+948950]
GetHandleVerifier [0x00CB71F2+2712546]
GetHandleVerifier [0x00CA886D+2652765]
GetHandleVerifier [0x00AA002A+520730]
GetHandleVerifier [0x00A9EE06+516086]
Ordinal0 [0x009B468B+1787531]
Ordinal0 [0x009B8E88+1805960]
Ordinal0 [0x009B8F75+1806197]
Ordinal0 [0x009C1DF1+1842673]
BaseThreadInitThunk [0x75F4FA29+25]
RtlGetAppContainerNamedObjectPath [0x77327A9E+286]
RtlGetAppContainerNamedObjectPath [0x77327A6E+238]

at sun.reflect.NativeConstructorAccessorImpl.newInstance0(Native Method)
at sun.reflect.NativeConstructorAccessorImpl.newInstance(Unknown Source)
at sun.reflect.DelegatingConstructorAccessorImpl.newInstance(Unknown Source)
at java.lang.reflect.Constructor.newInstance(Unknown Source)
at org.openqa.selenium.remote.W3CHandshakeResponse.lambda$errorHandler$0(W3CHandshakeResponse.java:62)
at org.openqa.selenium.remote.HandshakeResponse.lambda$getResponseFunction$0(HandshakeResponse.java:30)
at org.openqa.selenium.remote.ProtocolHandshake.lambda$createSession$0(ProtocolHandshake.java:126)
at java.util.stream.ReferencePipeline$3$1.accept(Unknown Source)
at java.util.Spliterators$ArraySpliterator.tryAdvance(Unknown Source)
at java.util.stream.ReferencePipeline.forEachWithCancel(Unknown Source)
at java.util.stream.AbstractPipeline.copyIntoWithCancel(Unknown Source)
at java.util.stream.AbstractPipeline.copyInto(Unknown Source)
at java.util.stream.AbstractPipeline.wrapAndCopyInto(Unknown Source)
at java.util.stream.FindOps$FindOp.evaluateSequential(Unknown Source)
at java.util.stream.AbstractPipeline.evaluate(Unknown Source)
at java.util.stream.ReferencePipeline.findFirst(Unknown Source)
at org.openqa.selenium.remote.ProtocolHandshake.createSession(ProtocolHandshake.java:128)
at org.openqa.selenium.remote.ProtocolHandshake.createSession(ProtocolHandshake.java:74)
at org.openqa.selenium.remote.HttpCommandExecutor.execute(HttpCommandExecutor.java:136)
at org.openqa.selenium.remote.service.DriverCommandExecutor.execute(DriverCommandExecutor.java:83)
at org.openqa.selenium.remote.RemoteWebDriver.execute(RemoteWebDriver.java:552)
at org.openqa.selenium.remote.RemoteWebDriver.startSession(RemoteWebDriver.java:213)
at org.openqa.selenium.remote.RemoteWebDriver.<init>(RemoteWebDriver.java:131)
at org.openqa.selenium.chrome.ChromeDriver.<init>(ChromeDriver.java:181)
at org.openqa.selenium.chrome.ChromeDriver.<init>(ChromeDriver.java:168)
at org.openqa.selenium.chrome.ChromeDriver.<init>(ChromeDriver.java:123)
at qsp.Parallel1.exec1(Parallel1.java:22)
at sun.reflect.NativeMethodAccessorImpl.invoke0(Native Method)
at sun.reflect.NativeMethodAccessorImpl.invoke(Unknown Source)
at sun.reflect.DelegatingMethodAccessorImpl.invoke(Unknown Source)
at java.lang.reflect.Method.invoke(Unknown Source)
at org.testng.internal.MethodInvocationHelper.invokeMethod(MethodInvocationHelper.java:124)
at org.testng.internal.Invoker.invokeMethod(Invoker.java:583)
at org.testng.internal.Invoker.invokeTestMethod(Invoker.java:719)
at org.testng.internal.Invoker.invokeTestMethods(Invoker.java:989)
at org.testng.internal.TestMethodWorker.invokeTestMethods(TestMethodWorker.java:125)
at org.testng.internal.TestMethodWorker.run(TestMethodWorker.java:109)
at org.testng.TestRunner.privateRun(TestRunner.java:648)
at org.testng.TestRunner.run(TestRunner.java:505)
at org.testng.SuiteRunner.runTest(SuiteRunner.java:455)
at org.testng.SuiteRunner.access$000(SuiteRunner.java:40)
at org.testng.SuiteRunner$SuiteWorker.run(SuiteRunner.java:489)
at org.testng.internal.thread.ThreadUtil$1.call(ThreadUtil.java:52)
at java.util.concurrent.FutureTask.run(Unknown Source)
at java.util.concurrent.ThreadPoolExecutor.runWorker(Unknown Source)
at java.util.concurrent.ThreadPoolExecutor$Worker.run(Unknown Source)
at java.lang.Thread.run(Unknown Source)
]]>
            </full-stacktrace>
          </exception> <!-- org.openqa.selenium.SessionNotCreatedException -->
          <reporter-output>
          </reporter-output>
        </test-method> <!-- exec1 -->
      </class> <!-- qsp.Parallel1 -->
    </test> <!-- Test_chrome -->
    <test name="Test_firefox" duration-ms="5741" started-at="2022-09-15T11:06:59Z" finished-at="2022-09-15T11:07:05Z">
      <class name="qsp.Parallel1">
        <test-method status="PASS" signature="exec1(java.lang.String)[pri:0, instance:qsp.Parallel1@5bfbf16f]" name="exec1" duration-ms="5709" started-at="2022-09-15T11:06:59Z" finished-at="2022-09-15T11:07:05Z">
          <params>
            <param index="0">
              <value>
                <![CDATA[firefox]]>
              </value>
            </param>
          </params>
          <reporter-output>
          </reporter-output>
        </test-method> <!-- exec1 -->
      </class> <!-- qsp.Parallel1 -->
    </test> <!-- Test_firefox -->
  </suite> <!-- Suite -->
</testng-results>
